生成启动时间为 2014/12/11 12:50:08。
     1>项目“D:\学习成果\数字图像\实验报告\实验1\代码\pre1\pre1\pre1.vcxproj”在节点 2 上(build 个目标)。
     1>InitializeBuildStatus:
         正在创建“Debug\pre1.unsuccessfulbuild”，因为已指定“AlwaysCreate”。
       ClCompile:
         E:\VS2010\VC\bin\CL.exe /c /ZI /nologo /W3 /WX- /Od /Oy- /D WIN32 /D _DEBUG /D _CONSOLE /D _UNICODE /D UNICODE /Gm /EHsc /RTC1 /MDd /GS /fp:precise /Zc:wchar_t /Zc:forScope /Fo"Debug\\" /Fd"Debug\vc100.pdb" /Gd /TP /analyze- /errorReport:prompt main.cpp
         main.cpp
     1>d:\学习成果\数字图像\实验报告\实验1\代码\pre1\pre1\main.cpp(16): warning C4996: 'fopen': This function or variable may be unsafe. Consider using fopen_s instead. To disable deprecation, use _CRT_SECURE_NO_WARNINGS. See online help for details.
                 e:\vs2010\vc\include\stdio.h(234) : 参见“fopen”的声明
     1>d:\学习成果\数字图像\实验报告\实验1\代码\pre1\pre1\main.cpp(27): warning C4996: 'scanf': This function or variable may be unsafe. Consider using scanf_s instead. To disable deprecation, use _CRT_SECURE_NO_WARNINGS. See online help for details.
                 e:\vs2010\vc\include\stdio.h(304) : 参见“scanf”的声明
     1>d:\学习成果\数字图像\实验报告\实验1\代码\pre1\pre1\main.cpp(28): warning C4996: 'scanf': This function or variable may be unsafe. Consider using scanf_s instead. To disable deprecation, use _CRT_SECURE_NO_WARNINGS. See online help for details.
                 e:\vs2010\vc\include\stdio.h(304) : 参见“scanf”的声明
     1>d:\学习成果\数字图像\实验报告\实验1\代码\pre1\pre1\main.cpp(54): warning C4996: 'fopen': This function or variable may be unsafe. Consider using fopen_s instead. To disable deprecation, use _CRT_SECURE_NO_WARNINGS. See online help for details.
                 e:\vs2010\vc\include\stdio.h(234) : 参见“fopen”的声明
     1>d:\学习成果\数字图像\实验报告\实验1\代码\pre1\pre1\main.cpp(58): warning C4996: 'fopen': This function or variable may be unsafe. Consider using fopen_s instead. To disable deprecation, use _CRT_SECURE_NO_WARNINGS. See online help for details.
                 e:\vs2010\vc\include\stdio.h(234) : 参见“fopen”的声明
       Link:
         E:\VS2010\VC\bin\link.exe /ERRORREPORT:PROMPT /OUT:"D:\学习成果\数字图像\实验报告\实验1\代码\pre1\Debug\pre1.exe" /INCREMENTAL /NOLOGO kernel32.lib user32.lib gdi32.lib winspool.lib comdlg32.lib advapi32.lib shell32.lib ole32.lib oleaut32.lib uuid.lib odbc32.lib odbccp32.lib /MANIFEST /ManifestFile:"Debug\pre1.exe.intermediate.manifest" /MANIFESTUAC:"level='asInvoker' uiAccess='false'" /DEBUG /PDB:"D:\学习成果\数字图像\实验报告\实验1\代码\pre1\Debug\pre1.pdb" /SUBSYSTEM:CONSOLE /TLBID:1 /DYNAMICBASE /NXCOMPAT /IMPLIB:"D:\学习成果\数字图像\实验报告\实验1\代码\pre1\Debug\pre1.lib" /MACHINE:X86 Debug\main.obj
         pre1.vcxproj -> D:\学习成果\数字图像\实验报告\实验1\代码\pre1\Debug\pre1.exe
       Manifest:
         C:\Program Files\Microsoft SDKs\Windows\v7.0A\bin\mt.exe /nologo /verbose /out:"D:\学习成果\数字图像\实验报告\实验1\代码\pre1\Debug\pre1.exe.manifest" /manifest Debug\pre1.exe.intermediate.manifest
       FinalizeBuildStatus:
         正在删除文件“Debug\pre1.unsuccessfulbuild”。
         正在对“Debug\pre1.lastbuildstate”执行 Touch 任务。
     1>已完成生成项目“D:\学习成果\数字图像\实验报告\实验1\代码\pre1\pre1\pre1.vcxproj”(build 个目标)的操作。

生成成功。

已用时间 00:00:01.78
